README.md
code/_compile_options.dm
code/controllers/subsystem/ticker.dm
config/dbconfig.txt
config/maps.txt
code/modules/surgery/organs/lungs.dm
code/game/turfs/open/floor/misc_floor.dm
code/world.dm
code/__HELPERS/unsorted.dm
code/modules/mining/machine_vending.dm
code/__DEFINES/colors.dm
code/modules/client/client_procs.dm
code/modules/mob/living/carbon/carbon_say.dm
code/modules/mob/mob_say.dm
code/__DEFINES/cooldowns.dm
code/datums/emotes.dm
code/modules/mob/living/carbon/human/emote.dm
code/modules/admin/admin_verbs.dm
code/modules/mob/dead/observer/observer.dm
code/modules/mob/living/carbon/human/death.dm
code/__DEFINES/jobs.dm
code/controllers/master.dm
code/controllers/subsystem/job_scaling.dm
code/modules/jobs/jobs.dm
config/jobs.txt
icons/mob/landmarks.dmi
strings/hallucination.json
strings/tips.txt
tgstation.dme
code/controllers/configuration/entries/general.dm
config/config.txt
interface/interface.dm
code/modules/projectiles/projectile.dm
code/modules/mob/living/carbon/werewolf/life.dm
icons/misc/language.dmi
code/game/objects/items/cigs_lighters.dm
code/modules/hydroponics/grown/cannabis.dm
code/modules/reagents/chemistry/reagents/drug_reagents.dm
code/_onclick/click.dm
code/modules/mob/living/carbon/human/species.dm
config/in_character_filter.txt
code/modules/mob/living/carbon/werewolf/transformation.dm
code/modules/client/preferences.dm
code/game/objects/structures/watercloset.dm
code/__DEFINES/dcs/signals.dm
code/game/machinery/recycler.dm
code/modules/client/preferences_toggles.dm
code/modules/projectiles/ammunition/_firing.dm
code/modules/mob/living/carbon/human/examine.dm
.gitignore
code/controllers/subsystem/job.dm
code/datums/datacore.dm
code/game/gamemodes/game_mode.dm
code/game/objects/items/religion.dm
code/modules/antagonists/creep/creep.dm
code/modules/events/wizard/departmentrevolt.dm
code/modules/modular_computers/file_system/programs/card.dm
config/game_options.txt
code/__DEFINES/traits.dm
code/modules/mob/living/living_defines.dm
code/modules/projectiles/gun.dm
code/modules/flufftext/Hallucination.dm
.github/PULL_REQUEST_TEMPLATE.md
dependencies.sh
code/modules/projectiles/guns/ballistic.dm
icons/hud/fullscreen.dmi
code/__DEFINES/maps.dm
code/controllers/subsystem/mapping.dm
code/datums/looping_sounds/weather.dm
code/datums/weather/weather_types/ash_storm.dm
code/modules/cargo/exports/lavaland.dm
code/modules/mob/living/simple_animal/hostile/megafauna/legion.dm
code/__DEFINES/tgs.dm
code/modules/tgs/v5/undefs.dm
code/modules/mob/living/living_say.dm
icons/hud/actions.dmi
code/__DEFINES/time.dm
code/__HELPERS/time.dm
code/modules/jobs/job_exp.dm
code/modules/jobs/job_types/_job.dm
code/modules/mob/dead/new_player/new_player.dm
code/game/machinery/bank_machine.dm
code/game/machinery/dish_drive.dm
code/game/machinery/firealarm.dm
code/modules/antagonists/traitor/equipment/Malf_Modules.dm
code/modules/mining/lavaland/ruins/gym.dm
code/modules/power/solar.dm
code/modules/power/tracker.dm
goon/LICENSE.md
goon/README.md
goon/icons/obj/fitness.dmi
goon/icons/obj/goon_terminals.dmi
goon/icons/obj/hydroponics.dmi
goon/icons/obj/kitchen.dmi
goon/icons/obj/power.dmi
goon/sound/effects/spring.ogg
goon/sound/machinery/FireAlarm.ogg
icons/obj/fluff/gym_equipment.dmi
code/__HELPERS/global_lists.dm
code/_globalvars/lists/flavor_misc.dm
code/game/objects/items/dyekit.dm
code/modules/mob/dead/new_player/sprite_accessories.dm
code/modules/mob/living/carbon/human/human_defines.dm
icons/mob/hair_gradients.dmi
icons/obj/dyespray.dmi
code/__HELPERS/names.dm
code/__HELPERS/priority_announce.dm
code/__HELPERS/roundend.dm
code/_onclick/hud/alert.dm
code/game/objects/items/circuitboards/computer_circuitboards.dm
code/game/objects/items/circuitboards/machine_circuitboards.dm
code/modules/admin/verbs/randomverbs.dm
code/modules/cargo/packs.dm
code/modules/station_goals/bsa.dm
code/modules/station_goals/dna_vault.dm
code/modules/station_goals/shield.dm
.github/workflows/ci_suite.yml
.github/workflows/run_integration_tests.yml
BUILD.cmd
Build.bat
bin/build.cmd
bin/clean.cmd
bin/server.cmd
bin/test.cmd
bin/tgfont.cmd
bin/tgui-bench.cmd
bin/tgui-build.cmd
bin/tgui-dev.cmd
bin/tgui-sonar.cmd
code/_onclick/item_attack.dm
code/game/atoms_movable.dm
code/modules/mob/living/living_defense.dm
code/__HELPERS/mobs.dm
code/datums/dna.dm
code/game/machinery/Sleeper.dm
code/game/objects/structures/mirror.dm
code/modules/antagonists/fugitive/fugitive_outfits.dm
code/modules/client/preferences_savefile.dm
code/modules/mob/living/carbon/human/species_types/vampire.dm
code/modules/mob/living/simple_animal/corpse.dm
code/modules/reagents/chemistry/reagents/other_reagents.dm
code/modules/reagents/chemistry/recipes/others.dm
code/modules/reagents/reagent_containers/spray.dm
code/modules/surgery/bodyparts/_bodyparts.dm
code/modules/surgery/bodyparts/helpers.dm
.github/CONTRIBUTING.md
.github/gbp.toml
icons/mob/inhands/misc/bedsheet_lefthand.dmi
icons/mob/inhands/misc/bedsheet_righthand.dmi
icons/obj/bedsheets.dmi
code/controllers/configuration/entries/game_options.dm
code/controllers/configuration/entries/resources.dm
code/game/world.dm
code/modules/mob/living/carbon/human/human.dm
code/__DEFINES/_helpers.dm
code/game/objects/items/toy_mechs.dm
code/game/say.dm
code/game/sound.dm
code/modules/mob/mob.dm
code/modules/mob/mob_defines.dm
code/datums/martial/cowalker.dm
code/modules/spells/spell_types/forcewall.dm
code/modules/spells/spell_types/shadow_walk.dm
code/modules/mob/living/life.dm
code/modules/mob/living/carbon/life.dm
code/modules/mob/living/carbon/carbon_defines.dm
SQL/tgstation_schema.sql
SQL/tgstation_schema_prefixed.sql
code/datums/mind.dm
code/modules/mob/living/carbon/human/species_types/humans.dm
config/motd.txt
code/datums/keybinding/human.dm
code/__DEFINES/tfn/vtm_defines.dm
code/modules/tgui/tgui_input_list.dm
code/modules/tgui/tgui_input_number.dm
code/modules/tgui/tgui_input_text.dm
code/__DEFINES/logging.dm
code/__DEFINES/say.dm
code/__DEFINES/text.dm
code/__HELPERS/_logging.dm
code/__HELPERS/icons.dm
code/__HELPERS/text.dm
code/_globalvars/regexes.dm
code/datums/chatmessage.dm
code/game/atoms.dm
code/game/objects/structures/artstuff.dm
code/modules/asset_cache/asset_list.dm
code/modules/mob/mob_helpers.dm
code/datums/diseases/transformation.dm
code/datums/diseases/wizarditis.dm
code/game/gamemodes/dynamic/dynamic_rulesets_roundstart.dm
code/game/gamemodes/monkey/monkey.dm
code/modules/antagonists/monkey/monkey.dm
code/modules/mining/lavaland/necropolis_chests.dm
code/modules/reagents/reagent_containers/bottle.dm
code/modules/research/xenobiology/xenobiology.dm
code/__DEFINES/dcs/vtr/signals.dm
code/modules/mob/living/carbon/carbon.dm
code/_globalvars/lists/vtr/mobs.dm
code/controllers/subsystem/humannpcpool.dm
code/modules/admin/view_variables/admin_delete.dm
code/modules/mob/living/living.dm
code/modules/cargo/expressconsole.dm
code/modules/unit_tests/plantgrowth_tests.dm
icons/mob/human_parts_greyscale.dmi
.github/CODEOWNERS
code/__DEFINES/mobs.dm
code/datums/components/forensics.dm
code/_globalvars/traits.dm
code/modules/mob/living/simple_animal/friendly/farm_animals.dm
SpacemanDMM.toml
cutter_templates/bitmask/cardinal_32x32.toml
cutter_templates/bitmask/diagonal_32x32.toml
cutter_templates/bitmask/restore.toml
code/__DEFINES/traits/_traits.dm
code/__DEFINES/traits/declarations.dm
code/__DEFINES/traits/macros.dm
code/__DEFINES/traits/sources.dm
code/modules/language/cantonese.dm
code/modules/mob/dead/new_player/preferences_setup.dm
code/game/machinery/computer/security.dm
code/modules/mob/living/brain/brain.dm
code/game/area/areas.dm
code/modules/events/fake_virus.dm
code/modules/surgery/organs/vocal_cords.dm
code/datums/mutations/_mutations.dm
code/game/objects/items/toys.dm
code/modules/paperwork/paperplane.dm
code/modules/reagents/chemistry/machinery/chem_dispenser.dm
code/__DEFINES/_misc.dm
code/game/machinery/newscaster.dm
code/game/objects/items.dm
code/modules/surgery/organs/ears.dm
code/modules/surgery/organs/eyes.dm
code/modules/surgery/organs/heart.dm
code/modules/surgery/organs/liver.dm
code/modules/surgery/organs/stomach.dm
code/modules/surgery/organs/tongue.dm
code/__HELPERS/game.dm
code/datums/outfit.dm
code/game/machinery/computer/crew.dm
code/modules/jobs/access.dm
code/modules/jobs/job_types/assistant.dm
code/modules/mob/living/carbon/human/inventory.dm
modular_tfn/modules/alt_job_titles/alt_job_titles.dm
modular_tfn/modules/alt_job_titles/outfits.dm
.tgs.yml
code/__DEFINES/status_effects.dm
code/_onclick/drag_drop.dm
code/datums/components/_component.dm
code/datums/components/leanable.dm
code/datums/elements/climbable.dm
code/datums/status_effects/neutral.dm
code/game/objects/structures/railings.dm
code/game/objects/structures/window.dm
code/game/turfs/closed/walls.dm
code/modules/mob/living/carbon/human/human_movement.dm
code/modules/mob/living/init_signals.dm
code/modules/mob/mob_movement.dm
code/modules/mob/living/emote.dm
code/__DEFINES/flags.dm
code/datums/components/manual_blinking.dm
code/datums/elements/high_fiver.dm
code/game/objects/items/hand_items.dm
code/game/objects/items/weaponry.dm
code/modules/mob/living/carbon/emote.dm
code/modules/mob/living/carbon/inventory.dm
icons/mob/human/emote_visuals.dmi
icons/obj/weapons/hand.dmi
sound/misc/clap1.ogg
sound/misc/clap2.ogg
sound/misc/clap3.ogg
sound/misc/clap4.ogg
sound/misc/knuckles.ogg
sound/mobs/humanoids/human/attribution.txt
sound/mobs/humanoids/human/clap/clap1.ogg
sound/mobs/humanoids/human/clap/clap2.ogg
sound/mobs/humanoids/human/clap/clap3.ogg
sound/mobs/humanoids/human/clap/clap4.ogg
sound/mobs/humanoids/human/cough/female_cough1.ogg
sound/mobs/humanoids/human/cough/female_cough2.ogg
sound/mobs/humanoids/human/cough/female_cough3.ogg
sound/mobs/humanoids/human/cough/female_cough4.ogg
sound/mobs/humanoids/human/cough/female_cough5.ogg
sound/mobs/humanoids/human/cough/female_cough6.ogg
sound/mobs/humanoids/human/cough/male_cough1.ogg
sound/mobs/humanoids/human/cough/male_cough2.ogg
sound/mobs/humanoids/human/cough/male_cough3.ogg
sound/mobs/humanoids/human/cough/male_cough4.ogg
sound/mobs/humanoids/human/cough/male_cough5.ogg
sound/mobs/humanoids/human/cough/male_cough6.ogg
sound/mobs/humanoids/human/cry/female_cry1.ogg
sound/mobs/humanoids/human/cry/female_cry2.ogg
sound/mobs/humanoids/human/cry/male_cry1.ogg
sound/mobs/humanoids/human/cry/male_cry2.ogg
sound/mobs/humanoids/human/cry/male_cry3.ogg
sound/mobs/humanoids/human/gag_vomit/crack_vomit.ogg
sound/mobs/humanoids/human/gag_vomit/gag1.ogg
sound/mobs/humanoids/human/gag_vomit/gag2.ogg
sound/mobs/humanoids/human/gag_vomit/gag3.ogg
sound/mobs/humanoids/human/gag_vomit/gag4.ogg
sound/mobs/humanoids/human/gag_vomit/gag5.ogg
sound/mobs/humanoids/human/gasp/gasp_female1.ogg
sound/mobs/humanoids/human/gasp/gasp_female2.ogg
sound/mobs/humanoids/human/gasp/gasp_female3.ogg
sound/mobs/humanoids/human/gasp/gasp_male1.ogg
sound/mobs/humanoids/human/gasp/gasp_male2.ogg
sound/mobs/humanoids/human/hiccup/sf_hiccup_male_01.ogg
sound/mobs/humanoids/human/hiss/human_hiss.ogg
sound/mobs/humanoids/human/knuckle_crack/attribution.txt
sound/mobs/humanoids/human/knuckle_crack/knuckles.ogg
sound/mobs/humanoids/human/laugh/manlaugh1.ogg
sound/mobs/humanoids/human/laugh/manlaugh2.ogg
sound/mobs/humanoids/human/laugh/womanlaugh.ogg
sound/mobs/humanoids/human/salute/salute.ogg
sound/mobs/humanoids/human/scream/femalescream_1.ogg
sound/mobs/humanoids/human/scream/femalescream_2.ogg
sound/mobs/humanoids/human/scream/femalescream_3.ogg
sound/mobs/humanoids/human/scream/femalescream_4.ogg
sound/mobs/humanoids/human/scream/femalescream_5.ogg
sound/mobs/humanoids/human/scream/malescream_1.ogg
sound/mobs/humanoids/human/scream/malescream_2.ogg
sound/mobs/humanoids/human/scream/malescream_3.ogg
sound/mobs/humanoids/human/scream/malescream_4.ogg
sound/mobs/humanoids/human/scream/malescream_5.ogg
sound/mobs/humanoids/human/scream/malescream_6.ogg
sound/mobs/humanoids/human/scream/wilhelm_scream.ogg
sound/mobs/humanoids/human/sigh/attribution.txt
sound/mobs/humanoids/human/sigh/female_sigh1.ogg
sound/mobs/humanoids/human/sigh/female_sigh2.ogg
sound/mobs/humanoids/human/sigh/female_sigh3.ogg
sound/mobs/humanoids/human/sigh/male_sigh1.ogg
sound/mobs/humanoids/human/sigh/male_sigh2.ogg
sound/mobs/humanoids/human/sigh/male_sigh3.ogg
sound/mobs/humanoids/human/snap/fingersnap1.ogg
sound/mobs/humanoids/human/snap/fingersnap2.ogg
sound/mobs/humanoids/human/sneeze/female_sneeze1.ogg
sound/mobs/humanoids/human/sneeze/male_sneeze1.ogg
sound/mobs/humanoids/human/sniff/female_sniff.ogg
sound/mobs/humanoids/human/sniff/male_sniff.ogg
sound/mobs/humanoids/human/snore/attribution.txt
sound/mobs/humanoids/human/snore/snore_female1.ogg
sound/mobs/humanoids/human/snore/snore_female2.ogg
sound/mobs/humanoids/human/snore/snore_female3.ogg
sound/mobs/humanoids/human/snore/snore_male1.ogg
sound/mobs/humanoids/human/snore/snore_male2.ogg
sound/mobs/humanoids/human/snore/snore_male3.ogg
sound/mobs/humanoids/human/snore/snore_male4.ogg
sound/mobs/humanoids/human/snore/snore_male5.ogg
sound/mobs/humanoids/human/snore/snore_mimimi1.ogg
sound/mobs/humanoids/human/snore/snore_mimimi2.ogg
sound/mobs/humanoids/human/whistle/whistle1.ogg
sound/voice/human/femalescream_1.ogg
sound/voice/human/femalescream_2.ogg
sound/voice/human/femalescream_3.ogg
sound/voice/human/femalescream_4.ogg
sound/voice/human/femalescream_5.ogg
sound/voice/human/malescream_1.ogg
sound/voice/human/malescream_2.ogg
sound/voice/human/malescream_3.ogg
sound/voice/human/malescream_4.ogg
sound/voice/human/malescream_5.ogg
sound/voice/human/malescream_6.ogg
sound/voice/human/manlaugh1.ogg
sound/voice/human/manlaugh2.ogg
sound/voice/human/wilhelm_scream.ogg
sound/voice/human/womanlaugh.ogg
sound/effects/kiss.ogg
code/_globalvars/bitfields.dm
code/modules/detectivework/evidence.dm
code/modules/mob/emote.dm
code/modules/mob/living/carbon/carbon_defense.dm
code/modules/mob/living/simple_animal/hostile/netherworld.dm
code/modules/photography/photos/photo.dm
sound/mobs/humanoids/human/annoyed/annoyed.ogg
sound/mobs/humanoids/human/snap/snap.ogg
sound/mobs/humanoids/human/snap/snap2.ogg
sound/mobs/humanoids/human/snap/snap3.ogg
sound/mobs/humanoids/human/sweat/sweatdrop.ogg
code/modules/spells/spell_types/touch_attacks.dm
code/__DEFINES/layers.dm
code/modules/balloon_alert/balloon_alert.dm
code/modules/reagents/reagent_containers.dm
code/__HELPERS/turfs.dm
code/__DEFINES/rust_g.dm
rust_g.dll
code/controllers/subsystem/rolling.dm
code/datums/map_config.dm
interface/skin.dmf
config/title_screens/images/queen_of_the_night_splash.png
config/title_screens/images/vampire.png
code/modules/asset_cache/asset_list_items.dm
code/__DEFINES/chat.dm
code/__DEFINES/subsystems.dm
code/__DEFINES/tgui.dm
code/__HELPERS/_lists.dm
code/controllers/subsystem/chat.dm
code/controllers/subsystem/ping.dm
code/controllers/subsystem/tgui.dm
code/datums/chat_payload.dm
code/modules/tgchat/README.md
code/modules/tgchat/to_chat.dm
code/modules/tgui/tgui.dm
code/modules/tgui/tgui_window.dm
code/modules/tgui_panel/tgui_panel.dm
code/modules/tgui_panel/external.dm
html/statbrowser.html
code/modules/tgui/tgui_alert.dm
html/font-awesome/README.MD
html/font-awesome/css/all.min.css
html/font-awesome/css/v4-shims.min.css
html/font-awesome/webfonts/fa-regular-400.eot
html/font-awesome/webfonts/fa-regular-400.ttf
html/font-awesome/webfonts/fa-regular-400.woff
html/font-awesome/webfonts/fa-solid-900.eot
html/font-awesome/webfonts/fa-solid-900.ttf
html/font-awesome/webfonts/fa-solid-900.woff
html/font-awesome/webfonts/fa-v4compatibility.ttf
code/__HELPERS/AStar.dm
code/controllers/subsystem/statpanel.dm
code/controllers/subsystem/time_track.dm
code/game/gamemodes/sandbox/h_sandbox.dm
code/modules/spells/spell.dm
code/modules/vehicles/mecha/combat/honker.dm
code/modules/vehicles/mecha/mecha_topic.dm
.github/max_required_byond_client.txt
code/__DEFINES/MC.dm
code/__DEFINES/_tick.dm
code/__DEFINES/admin.dm
code/__DEFINES/database.dm
code/__DEFINES/html_assistant.dm
code/__DEFINES/is_helpers.dm
code/__DEFINES/ref.dm
code/__DEFINES/statpanel.dm
code/__DEFINES/typeids.dm
code/__DEFINES/vv.dm
code/__HELPERS/hearted.dm
code/__HELPERS/stat_tracking.dm
code/__HELPERS/stoplag.dm
code/__HELPERS/verbs.dm
code/__byond_version_compat.dm
code/controllers/configuration/entries/dbconfig.dm
code/controllers/failsafe.dm
code/controllers/subsystem.dm
code/controllers/subsystem/dbcore.dm
code/controllers/subsystem/events.dm
code/controllers/subsystem/garbage.dm
code/controllers/subsystem/init_profiler.dm
code/controllers/subsystem/input.dm
code/controllers/subsystem/processing/fluids.dm
code/controllers/subsystem/server_maint.dm
code/controllers/subsystem/shuttle.dm
code/controllers/subsystem/timer.dm
code/controllers/subsystem/title.dm
code/controllers/subsystem/vis_overlays.dm
code/controllers/subsystem/vote.dm
code/datums/browser.dm
code/datums/datum.dm
code/datums/holocall.dm
code/datums/keybinding/client.dm
code/datums/position_point_vector.dm
code/datums/profiling.dm
code/datums/weather/weather.dm
code/game/gamemodes/dynamic/dynamic.dm
code/game/gamemodes/sandbox/airlock_maker.dm
code/game/machinery/autolathe.dm
code/game/machinery/camera/camera.dm
code/game/machinery/computer/arena.dm
code/game/machinery/computer/card.dm
code/game/machinery/computer/medical.dm
code/game/machinery/computer/prisoner/management.dm
code/game/machinery/computer/robot.dm
code/game/machinery/computer/warrant.dm
code/game/machinery/hologram.dm
code/game/machinery/limbgrower.dm
code/game/machinery/porta_turret/portable_turret.dm
code/game/machinery/requests_console.dm
code/game/machinery/telecomms/computers/logbrowser.dm
code/game/machinery/telecomms/computers/message.dm
code/game/machinery/telecomms/computers/telemonitor.dm
code/game/machinery/telecomms/machines/message_server.dm
code/game/objects/effects/spiders.dm
code/game/objects/items/blueprints.dm
code/game/objects/items/charter.dm
code/game/objects/items/devices/PDA/PDA.dm
code/game/objects/items/devices/PDA/cart.dm
code/game/objects/items/devices/camera_bug.dm
code/game/objects/items/devices/powersink.dm
code/game/objects/items/eightball.dm
code/game/objects/items/implants/implantpad.dm
code/game/objects/items/stacks/stack.dm
code/game/objects/items/storage/secure.dm
code/game/objects/objs.dm
code/game/objects/structures/girders.dm
code/game/objects/structures/grille.dm
code/game/objects/structures/noticeboard.dm
code/game/objects/structures/plasticflaps.dm
code/game/objects/structures/tables_racks.dm
code/game/objects/structures/votingbox.dm
code/modules/admin/admin.dm
code/modules/admin/admin_investigate.dm
code/modules/admin/antag_panel.dm
code/modules/admin/check_antagonists.dm
code/modules/admin/outfits.dm
code/modules/admin/permissionedit.dm
code/modules/admin/player_panel.dm
code/modules/admin/poll_management.dm
code/modules/admin/sound_emitter.dm
code/modules/admin/sql_ban_system.dm
code/modules/admin/sql_message_system.dm
code/modules/admin/stickyban.dm
code/modules/admin/team_panel.dm
code/modules/admin/topic.dm
code/modules/admin/verbs/SDQL2/SDQL_2.dm
code/modules/admin/verbs/adminhelp.dm
code/modules/admin/verbs/adminpm.dm
code/modules/admin/verbs/debug.dm
code/modules/admin/verbs/diagnostics.dm
code/modules/admin/verbs/getlogs.dm
code/modules/admin/verbs/individual_logging.dm
code/modules/admin/verbs/map_template_loadverb.dm
code/modules/admin/verbs/mapping.dm
code/modules/admin/verbs/one_click_antag.dm
code/modules/admin/verbs/secrets.dm
code/modules/admin/view_variables/debug_variables.dm
code/modules/admin/view_variables/reference_tracking.dm
code/modules/admin/view_variables/topic_basic.dm
code/modules/admin/view_variables/view_variables.dm
code/modules/admin/whitelist_management.dm
code/modules/antagonists/_common/antag_spawner.dm
code/modules/antagonists/cult/blood_magic.dm
code/modules/antagonists/cult/cult_comms.dm
code/modules/antagonists/eldritch_cult/eldritch_effects.dm
code/modules/antagonists/nukeop/nukeop.dm
code/modules/antagonists/revolution/revolution.dm
code/modules/asset_cache/assets/tgui.dm
code/modules/awaymissions/bluespaceartillery.dm
code/modules/awaymissions/capture_the_flag.dm
code/modules/client/client_defines.dm
code/modules/clothing/clothing.dm
code/modules/error_handler/error_viewer.dm
code/modules/events/_event.dm
code/modules/events/holiday/vday.dm
code/modules/food_and_drinks/kitchen_machinery/icecream_vat.dm
code/modules/instruments/songs/editor.dm
code/modules/language/language_holder.dm
code/modules/library/lib_items.dm
code/modules/library/lib_machines.dm
code/modules/mapping/verify.dm
code/modules/mining/machine_processing.dm
code/modules/mining/machine_silo.dm
code/modules/mob/dead/dead.dm
code/modules/mob/dead/new_player/poll.dm
code/modules/mob/living/brain/posibrain.dm
code/modules/mob/living/carbon/alien/humanoid/alien_powers.dm
code/modules/mob/living/carbon/alien/humanoid/humanoid.dm
code/modules/mob/living/carbon/human/human_defense.dm
code/modules/mob/living/carbon/werewolf/werewolf.dm
code/modules/mob/living/examine_tgui.dm
code/modules/mob/living/silicon/ai/ai.dm
code/modules/mob/living/silicon/ai/ai_say.dm
code/modules/mob/living/silicon/ai/life.dm
code/modules/mob/living/silicon/ai/login.dm
code/modules/mob/living/silicon/laws.dm
code/modules/mob/living/silicon/pai/software.dm
code/modules/mob/living/silicon/robot/robot.dm
code/modules/mob/living/silicon/silicon.dm
code/modules/mob/living/silicon/silicon_say.dm
code/modules/mob/living/simple_animal/bot/bot.dm
code/modules/mob/living/simple_animal/bot/cleanbot.dm
code/modules/mob/living/simple_animal/bot/firebot.dm
code/modules/mob/living/simple_animal/bot/floorbot.dm
code/modules/mob/living/simple_animal/bot/honkbot.dm
code/modules/mob/living/simple_animal/bot/hygienebot.dm
code/modules/mob/living/simple_animal/bot/medbot.dm
code/modules/mob/living/simple_animal/bot/secbot.dm
code/modules/mob/living/simple_animal/bot/vibebot.dm
code/modules/mob/living/simple_animal/friendly/dog.dm
code/modules/mob/living/simple_animal/hostile/giant_spider.dm
code/modules/mob/living/simple_animal/hostile/megafauna/colossus.dm
code/modules/mob/living/simple_animal/hostile/ooze.dm
code/modules/mob/living/simple_animal/hostile/retaliate/clown.dm
code/modules/mob/living/simple_animal/hostile/vatbeast.dm
code/modules/mob/living/simple_animal/parrot.dm
code/modules/modular_computers/computers/item/computer.dm
code/modules/modular_computers/computers/item/processor.dm
code/modules/modular_computers/computers/item/tablet.dm
code/modules/paperwork/clipboard.dm
code/modules/paperwork/filingcabinet.dm
code/modules/paperwork/folders.dm
code/modules/power/lighting.dm
code/modules/reagents/chemistry/recipes.dm
code/modules/recycling/sortingmachinery.dm
code/modules/research/destructive_analyzer.dm
code/modules/research/machinery/_production.dm
code/modules/research/rdconsole.dm
code/modules/research/server.dm
code/modules/shuttle/computer.dm
code/modules/spells/spell_types/aimed.dm
code/modules/spells/spell_types/mime.dm
code/modules/spells/spell_types/pointed/pointed.dm
code/modules/stock_market/computer.dm
code/modules/tgui/tgui_input_checkboxes.dm
code/modules/vehicles/mecha/_mecha.dm
code/modules/vehicles/mecha/equipment/mecha_equipment.dm
code/modules/vehicles/mecha/equipment/tools/medical_tools.dm
code/modules/vehicles/mecha/equipment/tools/other_tools.dm
code/modules/vehicles/mecha/equipment/tools/work_tools.dm
code/modules/vehicles/mecha/equipment/weapons/weapons.dm
code/modules/vehicles/mecha/working/clarke.dm
code/modules/vehicles/mecha/working/ripley.dm
html/admin/search.js
html/create_object.html
html/statbrowser.css
html/statbrowser.js
01.diff
stop
config/title_screens/images/longbeach_splash.png
code/__DEFINES/keybinding.dm
code/__DEFINES/speech_channels.dm
code/_globalvars/logging.dm
code/datums/keybinding/admin.dm
code/datums/keybinding/communication.dm
code/modules/admin/holder2.dm
code/modules/mob/living/carbon/human/human_say.dm
code/modules/tgui_input/alert.dm
code/modules/tgui_input/checkboxes.dm
code/modules/tgui_input/list.dm
code/modules/tgui_input/number.dm
code/modules/tgui_input/say_modal/modal.dm
code/modules/tgui_input/say_modal/speech.dm
code/modules/tgui_input/say_modal/typing.dm
code/modules/tgui_input/text.dm
icons/mob/talk.dmi
code/__HELPERS/chat.dm
code/controllers/subsystem/overwatch.dm
code/datums/http.dm
code/controllers/subsystem/persistence.dm
code/modules/discord/tgs_commands.dm
code/modules/discord/toggle_notify.dm
code/modules/admin/callproc/callproc.dm
code/modules/admin/verbs/adminjump.dm
code/modules/admin/view_variables/modify_variables.dm
code/modules/awaymissions/mission_code/Academy.dm
code/modules/hydroponics/fermenting_barrel.dm
code/modules/paperwork/paper.dm
code/modules/paperwork/paperbin.dm
code/modules/research/designs/machine_designs.dm
code/__DEFINES/dcs/signals/signals_transform.dm
code/__DEFINES/fonts.dm
code/__DEFINES/library.dm
code/__DEFINES/lighting.dm
code/__DEFINES/paper.dm
code/__DEFINES/sound.dm
code/controllers/subsystem/communications.dm
code/controllers/subsystem/economy.dm
code/controllers/subsystem/library.dm
code/datums/components/rename.dm
code/datums/elements/drag_pickup.dm
code/datums/elements/tool_renaming.dm
code/datums/looping_sounds/item_sounds.dm
code/datums/quirks/negative.dm
code/datums/wires/fax.dm
code/game/machinery/accounting.dm
code/game/machinery/bounty_board.dm
code/game/machinery/computer/_computer.dm
code/game/machinery/deployable.dm
code/game/machinery/doppler_array.dm
code/game/machinery/newscaster/newscaster_data.dm
code/game/machinery/newscaster/newscaster_machine.dm
code/game/machinery/newscaster/newspaper.dm
code/game/machinery/porta_turret/portable_turret_construct.dm
code/game/machinery/quantum_pad.dm
code/game/objects/effects/contraband.dm
code/game/objects/items/clown_items.dm
code/game/objects/items/devices/beacon.dm
code/game/objects/items/devices/spyglasses.dm
code/game/objects/items/devices/taperecorder.dm
code/game/objects/items/implants/implantcase.dm
code/game/objects/items/implants/implanter.dm
code/game/objects/items/kitchen.dm
code/game/objects/items/manuals.dm
code/game/objects/items/robot/robot_parts.dm
code/game/objects/items/signs.dm
code/game/objects/items/stacks/sheets/sheet_types.dm
code/game/objects/items/storage/uplink_kits.dm
code/game/objects/items/theft_tools.dm
code/game/objects/structures/crates_lockers/closets/bodybag.dm
code/game/objects/structures/crates_lockers/closets/syndicate.dm
code/game/objects/structures/displaycase.dm
code/game/objects/structures/door_assembly.dm
code/game/objects/structures/dresser.dm
code/game/objects/structures/morgue.dm
code/game/objects/structures/signs/_signs.dm
code/game/objects/structures/spirit_board.dm
code/game/objects/structures/windoor_assembly.dm
code/game/turfs/closed/_closed.dm
code/modules/admin/admin_fax_panel.dm
code/modules/admin/verbs/admin_newscaster.dm
code/modules/antagonists/abductor/equipment/abduction_gear.dm
code/modules/aquarium/misc.dm
code/modules/asset_cache/assets/bibles.dm
code/modules/asset_cache/assets/paper.dm
code/modules/awaymissions/gateway.dm
code/modules/awaymissions/mission_code/caves.dm
code/modules/awaymissions/mission_code/centcomAway.dm
code/modules/awaymissions/mission_code/moonoutpost19.dm
code/modules/awaymissions/mission_code/research.dm
code/modules/awaymissions/mission_code/snowdin.dm
code/modules/awaymissions/mission_code/stationCollision.dm
code/modules/awaymissions/mission_code/wildwest.dm
code/modules/awaymissions/pamphlet.dm
code/modules/cards/singlecard.dm
code/modules/cargo/exports/stamped_paperwork.dm
code/modules/cargo/order.dm
code/modules/cargo/supplypod_beacon.dm
code/modules/clothing/outfits/vr.dm
code/modules/detectivework/scanner.dm
code/modules/events/holiday/xmas.dm
code/modules/events/shuttle_loan.dm
code/modules/food_and_drinks/kitchen_machinery/smartfridge.dm
code/modules/food_and_drinks/pizzabox.dm
code/modules/holodeck/items.dm
code/modules/hydroponics/hydroitemdefines.dm
code/modules/jobs/job_types/chaplain.dm
code/modules/library/admin_only.dm
code/modules/library/barcode_scanner.dm
code/modules/library/book.dm
code/modules/library/book_info.dm
code/modules/library/bookcase.dm
code/modules/library/lib_codex_gigas.dm
code/modules/library/random_books.dm
code/modules/mapping/mapping_helpers.dm
code/modules/mob/living/simple_animal/bot/construction.dm
code/modules/mob/living/simple_animal/guardian/guardian.dm
code/modules/modular_computers/hardware/printer.dm
code/modules/paperwork/carbonpaper.dm
code/modules/paperwork/contract.dm
code/modules/paperwork/fax.dm
code/modules/paperwork/folders_premade.dm
code/modules/paperwork/paper_cutter.dm
code/modules/paperwork/paper_premade.dm
code/modules/paperwork/paperwork.dm
code/modules/paperwork/pen.dm
code/modules/paperwork/photocopier.dm
code/modules/paperwork/stamps.dm
code/modules/photography/photos/frame.dm
code/modules/power/gravitygenerator.dm
code/modules/reagents/chemistry/reagents/alcohol_reagents.dm
code/modules/reagents/chemistry/recipes/special.dm
code/modules/reagents/reagent_containers/blood_pack.dm
code/modules/recycling/conveyor2.dm
code/modules/research/designs/autolathe_designs.dm
code/modules/ruins/icemoonruin_code/library.dm
code/modules/ruins/lavalandruin_code/biodome_clown_planet.dm
code/modules/ruins/lavalandruin_code/elephantgraveyard.dm
code/modules/ruins/lavalandruin_code/surface.dm
code/modules/ruins/spaceruin_code/DJstation.dm
code/modules/ruins/spaceruin_code/TheDerelict.dm
code/modules/ruins/spaceruin_code/asteroid4.dm
code/modules/ruins/spaceruin_code/bigderelict1.dm
code/modules/ruins/spaceruin_code/clericsden.dm
code/modules/ruins/spaceruin_code/crashedclownship.dm
code/modules/ruins/spaceruin_code/crashedship.dm
code/modules/ruins/spaceruin_code/deepstorage.dm
code/modules/ruins/spaceruin_code/forgottenship.dm
code/modules/ruins/spaceruin_code/hilbertshotel.dm
code/modules/ruins/spaceruin_code/listeningstation.dm
code/modules/ruins/spaceruin_code/oldstation.dm
code/modules/ruins/spaceruin_code/originalcontent.dm
code/modules/ruins/spaceruin_code/spacehotel.dm
code/modules/shuttle/medisim.dm
code/modules/tgui/external.dm
code/modules/vending/_vending.dm
config/blanks.json
icons/hud/radial_tape.dmi
icons/hud/radial_taperecorder.dmi
icons/obj/bureaucracy.dmi
icons/obj/device.dmi
icons/obj/fax.dmi
icons/obj/service/bureaucracy.dmi
icons/obj/service/library.dmi
icons/stamp_icons/large_stamp-void.png
sound/effects/writing_pen/attribution.txt
sound/effects/writing_pen/writing_pen1.ogg
sound/effects/writing_pen/writing_pen2.ogg
sound/effects/writing_pen/writing_pen3.ogg
sound/effects/writing_pen/writing_pen4.ogg
sound/effects/writing_pen/writing_pen5.ogg
sound/effects/writing_pen/writing_pen6.ogg
sound/effects/writing_pen/writing_pen7.ogg
sound/items/barcodebeep.ogg
sound/items/handling/standard_stamp.ogg
sound/items/handling/tape_drop.ogg
sound/items/handling/tape_pickup.ogg
sound/items/handling/taperecorder_drop.ogg
sound/items/handling/taperecorder_pickup.ogg
sound/items/taperecorder/tape_flip.ogg
sound/items/taperecorder/taperecorder_close.ogg
sound/items/taperecorder/taperecorder_hiss_mid.ogg
sound/items/taperecorder/taperecorder_hiss_start.ogg
sound/items/taperecorder/taperecorder_open.ogg
sound/items/taperecorder/taperecorder_play.ogg
sound/items/taperecorder/taperecorder_print.ogg
sound/items/taperecorder/taperecorder_stop.ogg
sound/machines/eject.ogg
sound/machines/high_tech_confirm.ogg
sound/machines/printer.ogg
sound/machines/scanner.ogg
sound/machines/scanner/scanbuzz.ogg
sound/machines/scanner/scanner.ogg
sound/weapons/attributions.txt
code/__HELPERS/type_processing.dm
code/datums/mutations/antenna.dm
code/datums/progressbar.dm
code/game/objects/effects/landmarks.dm
code/game/objects/items/gift.dm
code/game/objects/items/tcg/tcg.dm
code/game/objects/structures/crates_lockers/closets.dm
code/modules/antagonists/changeling/powers/absorb.dm
code/modules/cargo/exports.dm
code/modules/language/language_manuals.dm
code/modules/mob/living/status_procs.dm
code/__DEFINES/span.dm
code/modules/atmospherics/machinery/components/fusion/hypertorus.dm
code/modules/research/techweb/all_nodes.dm
code/modules/mob/living/simple_animal/hostile/retaliate/spaceman.dm
SQL/database_changelog.md
code/__DEFINES/_protect.dm
code/__DEFINES/assert.dm
code/__DEFINES/callbacks.dm
code/__DEFINES/dcs/signals/signals_admin.dm
code/__HELPERS/files.dm
code/__HELPERS/logging/_logging.dm
code/__HELPERS/logging/admin.dm
code/__HELPERS/logging/antagonists.dm
code/__HELPERS/logging/attack.dm
code/__HELPERS/logging/debug.dm
code/__HELPERS/logging/dynamic.dm
code/__HELPERS/logging/economy.dm
code/__HELPERS/logging/game.dm
code/__HELPERS/logging/manifest.dm
code/__HELPERS/logging/mecha.dm
code/__HELPERS/logging/mob.dm
code/__HELPERS/logging/paper.dm
code/__HELPERS/logging/pda.dm
code/__HELPERS/logging/shuttle.dm
code/__HELPERS/logging/subtle.dm
code/__HELPERS/logging/talk.dm
code/__HELPERS/logging/tool.dm
code/__HELPERS/logging/ui.dm
code/__HELPERS/logging/virus.dm
code/_globalvars/misc.dm
code/controllers/configuration/configuration.dm
code/controllers/subsystem/blackbox.dm
code/datums/ai_laws.dm
code/datums/callback.dm
code/datums/diseases/_disease.dm
code/datums/json_savefile.dm
code/game/objects/items/AI_modules.dm
code/modules/admin/smites/lightning.dm
code/modules/admin/verbs/adminsay.dm
code/modules/admin/verbs/pray.dm
code/modules/admin/verbs/requests.dm
code/modules/antagonists/eldritch_cult/eldritch_book.dm
code/modules/emoji/emoji_parse.dm
code/modules/hydroponics/grown/replicapod.dm
code/modules/logging/categories/log_category_admin.dm
code/modules/logging/categories/log_category_compats.dm
code/modules/logging/categories/log_category_debug.dm
code/modules/logging/categories/log_category_game.dm
code/modules/logging/categories/log_category_misc.dm
code/modules/logging/categories/log_category_pda.dm
code/modules/logging/categories/log_category_uplink.dm
code/modules/logging/log_category.dm
code/modules/logging/log_entry.dm
code/modules/logging/log_holder.dm
code/modules/photography/_pictures.dm
code/modules/requests/request.dm
code/modules/requests/request_manager.dm
code/modules/research/techweb/_techweb_node.dm
code/modules/unit_tests/unit_test.dm
config/logging.txt
code/__HELPERS/sanitize_values.dm
code/controllers/subsystem/city_time.dm
code/datums/components/crafting/crafting.dm
code/datums/quirks/neutral.dm
code/modules/awaymissions/corpse.dm
code/modules/client/verbs/ooc.dm
code/modules/jobs/job_types/security_officer.dm
code/modules/mob/dead/observer/login.dm
code/modules/mob/living/carbon/examine.dm
sound/effects/cargocrate_load.ogg
sound/effects/cargocrate_move.ogg
sound/effects/cargocrate_unload.ogg
code/modules/client/client_colour.dm
html/browser/playeroptions.css
html/admin/banpanel.css
code/game/objects/items/repair_kits.dm
code/game/objects/structures/window_frames/frames/window_frame_variants.dm
code/game/objects/structures/window_frames/window_frame.dm
code/modules/tgs/v5/__interop_version.dm
code/modules/tgs/v5/api.dm
html/bg-vtm.svg
html/browser/common.css
code/datums/components/crafting/recipes.dm
code/game/objects/items/miscellaneous.dm
code/game/objects/structures/crates_lockers/crates/wooden.dm
code/modules/antagonists/eldritch_cult/eldritch_knowledge.dm
code/modules/antagonists/eldritch_cult/knowledge/flesh_lore.dm
code/modules/cargo/bounties/assistant.dm
code/modules/holiday/holidays.dm
code/modules/hydroponics/grown.dm
code/modules/hydroponics/grown/flowers.dm
code/modules/hydroponics/grown/tomato.dm
code/modules/hydroponics/hydroponics.dm
icons/obj/hydroponics/equipment.dmi
icons/obj/hydroponics/growing_flowers.dmi
icons/obj/hydroponics/harvest.dmi
icons/obj/hydroponics/seeds.dmi
icons/mob/clothing/head.dmi
icons/obj/clothing/hats.dmi
code/modules/keybindings/bindings_client.dm
code/modules/mob/living/blood.dm
code/game/objects/structures/barsigns.dm
code/game/objects/items/food/pastries.dm
code/__DEFINES/preferences.dm
code/controllers/subsystem/frenzypool.dm
code/game/machinery/doors/poddoor.dm
code/modules/mob/living/simple_animal/friendly/butterfly.dm
code/modules/projectiles/projectile/energy/stun.dm
code/modules/tfn/taser/taser_tfn.dm
icons/tfn/items/taser.dmi
sound/tfn/tasershock.ogg
code/modules/mob/living/living_movement.dm
code/modules/pixel_shift/code/pixel_shift.dm
code/modules/pixel_shift/readme.md
code/_onclick/hud/plane_master.dm
sound/tfn/shockwave.dmi
